<?xml version="1.0" encoding="UTF-8"?>
<!-- Generated by org.testng.reporters.JUnitReportReporter -->
<testsuite hostname="aitslpt-SarojP" failures="0" tests="1" name="SeleniumProject.tests.SubmitOrderTest" time="22.911" errors="0" timestamp="2023-05-25T10:22:15 NPT" skipped="0">
  <testcase classname="SeleniumProject.tests.SubmitOrderTest" name="submitOrder" time="22.911"/>
  <system-out/>
</testsuite> <!-- SeleniumProject.tests.SubmitOrderTest -->
